Started at Tue Mar 01 12:55:13 UTC 2022
Processing c-project
Offering c-project to Project Build Discarder
Processing java-project
Offering java-project to Project Build Discarder
Finished at Tue Mar 01 12:55:13 UTC 2022. 5ms
Started at Tue Mar 01 13:55:13 UTC 2022
Processing c-project
Offering c-project to Project Build Discarder
Processing java-project
Offering java-project to Project Build Discarder
Finished at Tue Mar 01 13:55:13 UTC 2022. 5ms
Started at Tue Mar 01 14:55:13 UTC 2022
Processing c-project
Offering c-project to Project Build Discarder
Processing java-project
Offering java-project to Project Build Discarder
Finished at Tue Mar 01 14:55:13 UTC 2022. 1ms
Started at Tue Mar 01 15:55:13 UTC 2022
Processing c-project
Offering c-project to Project Build Discarder
Processing java-project
Offering java-project to Project Build Discarder
Finished at Tue Mar 01 15:55:13 UTC 2022. 1ms
Started at Tue Mar 01 16:55:13 UTC 2022
Processing c-project
Offering c-project to Project Build Discarder
Processing java-project
Offering java-project to Project Build Discarder
Finished at Tue Mar 01 16:55:13 UTC 2022. 1ms
Started at Tue Mar 01 17:55:13 UTC 2022
Processing c-project
Offering c-project to Project Build Discarder
Processing java-project
Offering java-project to Project Build Discarder
Finished at Tue Mar 01 17:55:13 UTC 2022. 3ms
Started at Tue Mar 01 18:55:13 UTC 2022
Processing c-project
Offering c-project to Project Build Discarder
Processing java-project
Offering java-project to Project Build Discarder
Finished at Tue Mar 01 18:55:13 UTC 2022. 0ms
Started at Tue Mar 01 19:55:13 UTC 2022
Processing c-project
Offering c-project to Project Build Discarder
Processing java-project
Offering java-project to Project Build Discarder
Finished at Tue Mar 01 19:55:13 UTC 2022. 1ms
Started at Tue Mar 01 20:55:13 UTC 2022
Processing c-project
Offering c-project to Project Build Discarder
Processing java-project
Offering java-project to Project Build Discarder
Finished at Tue Mar 01 20:55:13 UTC 2022. 1ms
Started at Tue Mar 01 21:55:13 UTC 2022
Processing c-project
Offering c-project to Project Build Discarder
Processing java-project
Offering java-project to Project Build Discarder
Finished at Tue Mar 01 21:55:13 UTC 2022. 7ms
Started at Tue Mar 01 22:55:13 UTC 2022
Processing c-project
Offering c-project to Project Build Discarder
Processing java-project
Offering java-project to Project Build Discarder
Finished at Tue Mar 01 22:55:13 UTC 2022. 1ms
Started at Tue Mar 01 23:55:13 UTC 2022
Processing c-project
Offering c-project to Project Build Discarder
Processing java-project
Offering java-project to Project Build Discarder
Finished at Tue Mar 01 23:55:13 UTC 2022. 1ms
Started at Wed Mar 02 00:55:13 UTC 2022
Processing c-project
Offering c-project to Project Build Discarder
Processing java-project
Offering java-project to Project Build Discarder
Finished at Wed Mar 02 00:55:13 UTC 2022. 0ms
Started at Wed Mar 02 01:55:13 UTC 2022
Processing c-project
Offering c-project to Project Build Discarder
Processing java-project
Offering java-project to Project Build Discarder
Finished at Wed Mar 02 01:55:13 UTC 2022. 3ms
Started at Wed Mar 02 02:55:13 UTC 2022
Processing c-project
Offering c-project to Project Build Discarder
Processing java-project
Offering java-project to Project Build Discarder
Finished at Wed Mar 02 02:55:13 UTC 2022. 1ms
